mode: set
github.com/and1x/bln--h/cmd/web/main.go:23.13,25.40 1 1
github.com/and1x/bln--h/cmd/web/main.go:25.40,26.55 1 1
github.com/and1x/bln--h/cmd/web/main.go:26.55,29.4 1 0
github.com/and1x/bln--h/cmd/web/main.go:67.13,87.16 13 0
github.com/and1x/bln--h/cmd/web/main.go:90.2,95.16 4 0
github.com/and1x/bln--h/cmd/web/main.go:100.2,102.16 3 0
github.com/and1x/bln--h/cmd/web/main.go:107.2,137.21 6 0
github.com/and1x/bln--h/cmd/web/main.go:87.16,89.3 1 0
github.com/and1x/bln--h/cmd/web/main.go:95.16,97.3 1 0
github.com/and1x/bln--h/cmd/web/main.go:102.16,104.3 1 0
github.com/and1x/bln--h/cmd/web/main.go:140.47,142.16 2 0
github.com/and1x/bln--h/cmd/web/main.go:145.2,145.33 1 0
github.com/and1x/bln--h/cmd/web/main.go:148.2,148.16 1 0
github.com/and1x/bln--h/cmd/web/main.go:142.16,144.3 1 0
github.com/and1x/bln--h/cmd/web/main.go:145.33,147.3 1 0
github.com/and1x/bln--h/cmd/web/middleware.go:10.65,11.71 1 1
github.com/and1x/bln--h/cmd/web/middleware.go:11.71,16.3 3 1
github.com/and1x/bln--h/cmd/web/middleware.go:19.57,20.71 1 1
github.com/and1x/bln--h/cmd/web/middleware.go:20.71,23.3 2 1
github.com/and1x/bln--h/cmd/web/middleware.go:27.62,28.71 1 1
github.com/and1x/bln--h/cmd/web/middleware.go:28.71,29.16 1 1
github.com/and1x/bln--h/cmd/web/middleware.go:35.3,35.23 1 1
github.com/and1x/bln--h/cmd/web/middleware.go:29.16,30.36 1 1
github.com/and1x/bln--h/cmd/web/middleware.go:30.36,33.5 2 0
github.com/and1x/bln--h/cmd/web/middleware.go:40.61,41.71 1 0
github.com/and1x/bln--h/cmd/web/middleware.go:41.71,44.29 1 0
github.com/and1x/bln--h/cmd/web/middleware.go:49.3,49.23 1 0
github.com/and1x/bln--h/cmd/web/middleware.go:44.29,47.4 2 0
github.com/and1x/bln--h/cmd/web/middleware.go:54.56,64.2 3 1
github.com/and1x/bln--h/cmd/web/render.go:28.36,30.16 1 1
github.com/and1x/bln--h/cmd/web/render.go:33.2,33.49 1 1
github.com/and1x/bln--h/cmd/web/render.go:30.16,32.3 1 1
github.com/and1x/bln--h/cmd/web/render.go:42.95,45.9 2 1
github.com/and1x/bln--h/cmd/web/render.go:50.2,53.16 3 1
github.com/and1x/bln--h/cmd/web/render.go:57.2,57.16 1 1
github.com/and1x/bln--h/cmd/web/render.go:45.9,48.3 2 0
github.com/and1x/bln--h/cmd/web/render.go:53.16,56.3 2 0
github.com/and1x/bln--h/cmd/web/render.go:61.81,62.15 1 1
github.com/and1x/bln--h/cmd/web/render.go:66.2,70.11 5 1
github.com/and1x/bln--h/cmd/web/render.go:62.15,64.3 1 1
github.com/and1x/bln--h/cmd/web/render.go:74.82,78.16 3 1
github.com/and1x/bln--h/cmd/web/render.go:82.2,82.29 1 1
github.com/and1x/bln--h/cmd/web/render.go:99.2,99.19 1 1
github.com/and1x/bln--h/cmd/web/render.go:78.16,80.3 1 0
github.com/and1x/bln--h/cmd/web/render.go:82.29,88.17 3 1
github.com/and1x/bln--h/cmd/web/render.go:92.3,93.17 2 1
github.com/and1x/bln--h/cmd/web/render.go:97.3,97.19 1 1
github.com/and1x/bln--h/cmd/web/render.go:88.17,90.4 1 0
github.com/and1x/bln--h/cmd/web/render.go:93.17,95.4 1 0
github.com/and1x/bln--h/cmd/web/routes.go:9.39,15.29 3 1
github.com/and1x/bln--h/cmd/web/routes.go:59.2,62.10 3 1
github.com/and1x/bln--h/cmd/web/routes.go:15.29,29.30 9 1
github.com/and1x/bln--h/cmd/web/routes.go:29.30,32.24 1 1
github.com/and1x/bln--h/cmd/web/routes.go:36.4,53.67 13 1
github.com/and1x/bln--h/cmd/web/routes.go:32.24,34.5 1 0
github.com/and1x/bln--h/cmd/web/handlers.go:16.73,18.2 1 1
github.com/and1x/bln--h/cmd/web/handlers.go:21.80,23.2 1 1
github.com/and1x/bln--h/cmd/web/handlers.go:25.76,28.16 2 1
github.com/and1x/bln--h/cmd/web/handlers.go:33.2,38.19 4 1
github.com/and1x/bln--h/cmd/web/handlers.go:44.2,47.16 3 1
github.com/and1x/bln--h/cmd/web/handlers.go:52.2,54.72 2 1
github.com/and1x/bln--h/cmd/web/handlers.go:28.16,31.3 2 0
github.com/and1x/bln--h/cmd/web/handlers.go:38.19,41.3 2 1
github.com/and1x/bln--h/cmd/web/handlers.go:47.16,50.3 2 0
github.com/and1x/bln--h/cmd/web/handlers.go:57.78,60.26 2 1
github.com/and1x/bln--h/cmd/web/handlers.go:66.2,66.33 1 1
github.com/and1x/bln--h/cmd/web/handlers.go:71.2,72.29 2 1
github.com/and1x/bln--h/cmd/web/handlers.go:80.2,83.4 1 1
github.com/and1x/bln--h/cmd/web/handlers.go:60.26,63.3 2 1
github.com/and1x/bln--h/cmd/web/handlers.go:66.33,69.3 2 0
github.com/and1x/bln--h/cmd/web/handlers.go:72.29,75.3 2 1
github.com/and1x/bln--h/cmd/web/handlers.go:75.8,75.23 1 1
github.com/and1x/bln--h/cmd/web/handlers.go:75.23,78.3 2 0
github.com/and1x/bln--h/cmd/web/handlers.go:87.74,90.16 2 1
github.com/and1x/bln--h/cmd/web/handlers.go:95.2,96.26 2 1
github.com/and1x/bln--h/cmd/web/handlers.go:101.2,101.33 1 1
github.com/and1x/bln--h/cmd/web/handlers.go:106.2,110.19 4 1
github.com/and1x/bln--h/cmd/web/handlers.go:122.2,123.16 2 1
github.com/and1x/bln--h/cmd/web/handlers.go:127.2,127.72 1 1
github.com/and1x/bln--h/cmd/web/handlers.go:90.16,93.3 2 0
github.com/and1x/bln--h/cmd/web/handlers.go:96.26,99.3 2 1
github.com/and1x/bln--h/cmd/web/handlers.go:101.33,104.3 2 0
github.com/and1x/bln--h/cmd/web/handlers.go:110.19,120.3 2 1
github.com/and1x/bln--h/cmd/web/handlers.go:123.16,126.3 2 1
github.com/and1x/bln--h/cmd/web/handlers.go:131.74,134.16 2 1
github.com/and1x/bln--h/cmd/web/handlers.go:138.2,140.46 2 1
github.com/and1x/bln--h/cmd/web/handlers.go:134.16,137.3 2 0
github.com/and1x/bln--h/cmd/web/handlers.go:145.76,147.39 1 1
github.com/and1x/bln--h/cmd/web/handlers.go:172.2,172.43 1 1
github.com/and1x/bln--h/cmd/web/handlers.go:147.39,149.27 2 1
github.com/and1x/bln--h/cmd/web/handlers.go:154.3,154.34 1 1
github.com/and1x/bln--h/cmd/web/handlers.go:159.3,160.17 2 1
github.com/and1x/bln--h/cmd/web/handlers.go:165.3,168.9 3 1
github.com/and1x/bln--h/cmd/web/handlers.go:149.27,152.4 2 1
github.com/and1x/bln--h/cmd/web/handlers.go:154.34,157.4 2 0
github.com/and1x/bln--h/cmd/web/handlers.go:160.17,163.4 2 1
github.com/and1x/bln--h/cmd/web/handlers.go:177.76,181.26 3 1
github.com/and1x/bln--h/cmd/web/handlers.go:186.2,187.29 2 1
github.com/and1x/bln--h/cmd/web/handlers.go:195.2,195.72 1 1
github.com/and1x/bln--h/cmd/web/handlers.go:181.26,184.3 2 1
github.com/and1x/bln--h/cmd/web/handlers.go:187.29,190.3 2 1
github.com/and1x/bln--h/cmd/web/handlers.go:190.8,190.23 1 1
github.com/and1x/bln--h/cmd/web/handlers.go:190.23,193.3 2 0
github.com/and1x/bln--h/cmd/web/handlers.go:199.81,201.2 1 1
github.com/and1x/bln--h/cmd/web/handlers.go:209.77,213.16 2 1
github.com/and1x/bln--h/cmd/web/handlers.go:218.2,224.30 4 1
github.com/and1x/bln--h/cmd/web/handlers.go:227.2,227.29 1 1
github.com/and1x/bln--h/cmd/web/handlers.go:231.2,233.19 2 1
github.com/and1x/bln--h/cmd/web/handlers.go:238.2,243.113 3 1
github.com/and1x/bln--h/cmd/web/handlers.go:260.2,261.16 2 1
github.com/and1x/bln--h/cmd/web/handlers.go:267.2,268.16 2 1
github.com/and1x/bln--h/cmd/web/handlers.go:273.2,275.57 2 1
github.com/and1x/bln--h/cmd/web/handlers.go:213.16,216.3 2 0
github.com/and1x/bln--h/cmd/web/handlers.go:224.30,226.3 1 1
github.com/and1x/bln--h/cmd/web/handlers.go:227.29,229.3 1 1
github.com/and1x/bln--h/cmd/web/handlers.go:233.19,236.3 2 1
github.com/and1x/bln--h/cmd/web/handlers.go:243.113,244.10 1 1
github.com/and1x/bln--h/cmd/web/handlers.go:252.3,253.9 2 1
github.com/and1x/bln--h/cmd/web/handlers.go:245.41,246.50 1 0
github.com/and1x/bln--h/cmd/web/handlers.go:247.43,248.65 1 1
github.com/and1x/bln--h/cmd/web/handlers.go:249.42,250.52 1 1
github.com/and1x/bln--h/cmd/web/handlers.go:254.8,254.23 1 1
github.com/and1x/bln--h/cmd/web/handlers.go:254.23,257.3 2 0
github.com/and1x/bln--h/cmd/web/handlers.go:261.16,264.3 2 0
github.com/and1x/bln--h/cmd/web/handlers.go:268.16,271.3 2 0
github.com/and1x/bln--h/cmd/web/handlers.go:279.78,281.2 1 1
github.com/and1x/bln--h/cmd/web/handlers.go:284.74,286.16 2 1
github.com/and1x/bln--h/cmd/web/handlers.go:291.2,294.41 4 1
github.com/and1x/bln--h/cmd/web/handlers.go:304.2,308.58 4 1
github.com/and1x/bln--h/cmd/web/handlers.go:286.16,289.3 2 0
github.com/and1x/bln--h/cmd/web/handlers.go:294.41,298.3 3 1
github.com/and1x/bln--h/cmd/web/handlers.go:298.8,298.23 1 1
github.com/and1x/bln--h/cmd/web/handlers.go:298.23,301.3 2 0
github.com/and1x/bln--h/cmd/web/handlers.go:321.80,325.73 3 1
github.com/and1x/bln--h/cmd/web/handlers.go:325.73,329.3 3 0
github.com/and1x/bln--h/cmd/web/handlers.go:329.8,329.23 1 1
github.com/and1x/bln--h/cmd/web/handlers.go:329.23,332.3 2 1
github.com/and1x/bln--h/cmd/web/handlers.go:332.8,334.3 1 1
github.com/and1x/bln--h/cmd/web/handlers.go:338.82,342.73 3 1
github.com/and1x/bln--h/cmd/web/handlers.go:342.73,346.3 3 0
github.com/and1x/bln--h/cmd/web/handlers.go:346.8,346.23 1 1
github.com/and1x/bln--h/cmd/web/handlers.go:346.23,349.3 2 1
github.com/and1x/bln--h/cmd/web/handlers.go:349.8,351.3 1 1
github.com/and1x/bln--h/cmd/web/handlers.go:355.76,362.16 3 1
github.com/and1x/bln--h/cmd/web/handlers.go:370.2,371.16 2 1
github.com/and1x/bln--h/cmd/web/handlers.go:379.2,381.4 1 1
github.com/and1x/bln--h/cmd/web/handlers.go:362.16,368.3 3 0
github.com/and1x/bln--h/cmd/web/handlers.go:371.16,377.3 3 0
github.com/and1x/bln--h/cmd/web/handlers.go:385.81,389.25 2 1
github.com/and1x/bln--h/cmd/web/handlers.go:394.2,395.29 2 1
github.com/and1x/bln--h/cmd/web/handlers.go:403.2,406.4 1 1
github.com/and1x/bln--h/cmd/web/handlers.go:389.25,392.3 2 0
github.com/and1x/bln--h/cmd/web/handlers.go:395.29,398.3 2 0
github.com/and1x/bln--h/cmd/web/handlers.go:398.8,398.23 1 1
github.com/and1x/bln--h/cmd/web/handlers.go:398.23,401.3 2 0
github.com/and1x/bln--h/cmd/web/handlers.go:410.77,413.16 2 1
github.com/and1x/bln--h/cmd/web/handlers.go:418.2,422.19 4 1
github.com/and1x/bln--h/cmd/web/handlers.go:435.2,436.77 2 1
github.com/and1x/bln--h/cmd/web/handlers.go:457.2,459.47 2 1
github.com/and1x/bln--h/cmd/web/handlers.go:413.16,416.3 2 0
github.com/and1x/bln--h/cmd/web/handlers.go:422.19,432.3 2 1
github.com/and1x/bln--h/cmd/web/handlers.go:436.77,437.10 1 1
github.com/and1x/bln--h/cmd/web/handlers.go:443.3,451.9 2 1
github.com/and1x/bln--h/cmd/web/handlers.go:438.43,439.65 1 1
github.com/and1x/bln--h/cmd/web/handlers.go:440.42,441.52 1 1
github.com/and1x/bln--h/cmd/web/handlers.go:452.8,452.23 1 1
github.com/and1x/bln--h/cmd/web/handlers.go:452.23,455.3 2 0
github.com/and1x/bln--h/cmd/web/handlers.go:463.83,465.2 1 1
github.com/and1x/bln--h/cmd/web/handlers.go:467.79,470.16 2 1
github.com/and1x/bln--h/cmd/web/handlers.go:475.2,478.19 3 1
github.com/and1x/bln--h/cmd/web/handlers.go:484.2,486.41 2 1
github.com/and1x/bln--h/cmd/web/handlers.go:496.2,496.60 1 1
github.com/and1x/bln--h/cmd/web/handlers.go:503.2,504.16 2 1
github.com/and1x/bln--h/cmd/web/handlers.go:510.2,512.47 2 1
github.com/and1x/bln--h/cmd/web/handlers.go:470.16,473.3 2 0
github.com/and1x/bln--h/cmd/web/handlers.go:478.19,481.3 2 1
github.com/and1x/bln--h/cmd/web/handlers.go:486.41,490.3 3 1
github.com/and1x/bln--h/cmd/web/handlers.go:490.8,490.23 1 1
github.com/and1x/bln--h/cmd/web/handlers.go:490.23,493.3 2 0
github.com/and1x/bln--h/cmd/web/handlers.go:496.60,500.3 3 1
github.com/and1x/bln--h/cmd/web/handlers.go:504.16,507.3 2 0
github.com/and1x/bln--h/cmd/web/handlers.go:516.75,522.2 4 1
github.com/and1x/bln--h/cmd/web/helpers.go:11.63,15.2 3 1
github.com/and1x/bln--h/cmd/web/helpers.go:18.64,20.2 1 1
github.com/and1x/bln--h/cmd/web/helpers.go:23.49,25.23 1 1
github.com/and1x/bln--h/cmd/web/helpers.go:28.2,28.40 1 0
github.com/and1x/bln--h/cmd/web/helpers.go:25.23,27.3 1 1
github.com/and1x/bln--h/cmd/web/helpers.go:32.53,34.23 1 1
github.com/and1x/bln--h/cmd/web/helpers.go:37.2,37.45 1 0
github.com/and1x/bln--h/cmd/web/helpers.go:34.23,36.3 1 1
github.com/and1x/bln--h/cmd/web/helpers.go:42.88,45.23 1 1
github.com/and1x/bln--h/cmd/web/helpers.go:49.2,50.16 2 0
github.com/and1x/bln--h/cmd/web/helpers.go:55.2,55.53 1 0
github.com/and1x/bln--h/cmd/web/helpers.go:45.23,47.3 1 1
github.com/and1x/bln--h/cmd/web/helpers.go:50.16,53.3 2 0
github.com/and1x/bln--h/cmd/web/helpers.go:55.53,57.3 1 0
github.com/and1x/bln--h/cmd/web/helpers.go:57.8,59.3 1 0
github.com/and1x/bln--h/cmd/web/helpers.go:65.68,69.16 2 1
github.com/and1x/bln--h/cmd/web/helpers.go:74.2,75.16 2 1
github.com/and1x/bln--h/cmd/web/helpers.go:79.2,80.16 2 1
github.com/and1x/bln--h/cmd/web/helpers.go:85.2,88.16 3 1
github.com/and1x/bln--h/cmd/web/helpers.go:93.2,94.16 2 1
github.com/and1x/bln--h/cmd/web/helpers.go:99.2,102.13 2 1
github.com/and1x/bln--h/cmd/web/helpers.go:69.16,71.3 1 0
github.com/and1x/bln--h/cmd/web/helpers.go:75.16,77.3 1 1
github.com/and1x/bln--h/cmd/web/helpers.go:80.16,82.3 1 0
github.com/and1x/bln--h/cmd/web/helpers.go:88.16,90.3 1 0
github.com/and1x/bln--h/cmd/web/helpers.go:94.16,96.3 1 0
github.com/and1x/bln--h/cmd/web/helpers.go:102.13,105.17 2 1
github.com/and1x/bln--h/cmd/web/helpers.go:108.3,109.13 2 1
github.com/and1x/bln--h/cmd/web/helpers.go:105.17,107.4 1 0
github.com/and1x/bln--h/cmd/web/helpers.go:110.8,112.3 1 0
